<?xml version="1.0" encoding="UTF-8"?>
<testng-results skipped="0" failed="0" total="1" passed="1">
  <reporter-output>
  </reporter-output>
  <suite name="Default suite" duration-ms="20743" started-at="2019-09-30T19:24:12Z" finished-at="2019-09-30T19:24:33Z">
    <groups>
    </groups>
    <test name="Default test" duration-ms="20743" started-at="2019-09-30T19:24:12Z" finished-at="2019-09-30T19:24:33Z">
      <class name="testcase.TC001_Create_an_Account">
        <test-method status="PASS" signature="Loadingfiles()[pri:0, instance:testcase.TC001_Create_an_Account@6293abcc]" name="Loadingfiles" is-config="true" duration-ms="162" started-at="2019-10-01T00:54:12Z" finished-at="2019-10-01T00:54:12Z">
          <reporter-output>
          </reporter-output>
        </test-method> <!-- Loadingfiles -->
        <test-method status="PASS" signature="isskip()[pri:0, instance:testcase.TC001_Create_an_Account@6293abcc]" name="isskip" is-config="true" duration-ms="1" started-at="2019-10-01T00:54:12Z" finished-at="2019-10-01T00:54:12Z">
          <reporter-output>
          </reporter-output>
        </test-method> <!-- isskip -->
        <test-method status="PASS" signature="LaunchingBrowser()[pri:0, instance:testcase.TC001_Create_an_Account@6293abcc]" name="LaunchingBrowser" is-config="true" duration-ms="13866" started-at="2019-10-01T00:54:12Z" finished-at="2019-10-01T00:54:26Z">
          <reporter-output>
          </reporter-output>
        </test-method> <!-- LaunchingBrowser -->
        <test-method status="PASS" signature="TC001_Create_An_Account(java.util.Hashtable)[pri:0, instance:testcase.TC001_Create_an_Account@6293abcc]" name="TC001_Create_An_Account" duration-ms="6221" started-at="2019-10-01T00:54:26Z" data-provider="Data_collection" finished-at="2019-10-01T00:54:32Z">
          <params>
            <param index="0">
              <value>
                <![CDATA[{Email_ID=test.test1234@gmail.com, Password=Rahul#124, Iteration=1, Phone_Numer=9850658748, First_Name=Rahul, Address=pune, Last_Name=Ganjare}]]>
              </value>
            </param>
          </params>
          <reporter-output>
          </reporter-output>
        </test-method> <!-- TC001_Create_An_Account -->
        <test-method status="PASS" signature="closebrowser()[pri:0, instance:testcase.TC001_Create_an_Account@6293abcc]" name="closebrowser" is-config="true" duration-ms="634" started-at="2019-10-01T00:54:32Z" finished-at="2019-10-01T00:54:33Z">
          <reporter-output>
          </reporter-output>
        </test-method> <!-- closebrowser -->
        <test-method status="PASS" signature="writeIntoExtentReport()[pri:0, instance:testcase.TC001_Create_an_Account@6293abcc]" name="writeIntoExtentReport" is-config="true" duration-ms="258" started-at="2019-10-01T00:54:33Z" finished-at="2019-10-01T00:54:33Z">
          <reporter-output>
          </reporter-output>
        </test-method> <!-- writeIntoExtentReport -->
      </class> <!-- testcase.TC001_Create_an_Account -->
    </test> <!-- Default test -->
  </suite> <!-- Default suite -->
</testng-results>
